mode: set
assignments-my828/servers/gateway/sessions/session.go:22.119,31.16 2 1
assignments-my828/servers/gateway/sessions/session.go:34.2,34.60 1 1
assignments-my828/servers/gateway/sessions/session.go:37.2,38.23 2 1
assignments-my828/servers/gateway/sessions/session.go:31.16,33.3 1 1
assignments-my828/servers/gateway/sessions/session.go:34.60,36.3 1 0
assignments-my828/servers/gateway/sessions/session.go:42.74,48.16 2 1
assignments-my828/servers/gateway/sessions/session.go:51.2,51.43 1 1
assignments-my828/servers/gateway/sessions/session.go:54.2,56.16 3 1
assignments-my828/servers/gateway/sessions/session.go:59.2,59.23 1 1
assignments-my828/servers/gateway/sessions/session.go:48.16,50.3 1 1
assignments-my828/servers/gateway/sessions/session.go:51.43,53.3 1 1
assignments-my828/servers/gateway/sessions/session.go:56.16,58.3 1 1
assignments-my828/servers/gateway/sessions/session.go:65.109,69.16 2 1
assignments-my828/servers/gateway/sessions/session.go:72.2,72.59 1 1
assignments-my828/servers/gateway/sessions/session.go:75.2,75.23 1 1
assignments-my828/servers/gateway/sessions/session.go:69.16,71.3 1 1
assignments-my828/servers/gateway/sessions/session.go:72.59,74.3 1 1
assignments-my828/servers/gateway/sessions/session.go:81.85,85.16 2 1
assignments-my828/servers/gateway/sessions/session.go:88.2,89.23 2 1
assignments-my828/servers/gateway/sessions/session.go:85.16,87.3 1 1
assignments-my828/servers/gateway/sessions/sessionid.go:40.57,43.26 1 1
assignments-my828/servers/gateway/sessions/sessionid.go:54.2,56.16 3 1
assignments-my828/servers/gateway/sessions/sessionid.go:61.2,65.72 5 1
assignments-my828/servers/gateway/sessions/sessionid.go:43.26,45.3 1 1
assignments-my828/servers/gateway/sessions/sessionid.go:56.16,59.3 2 0
assignments-my828/servers/gateway/sessions/sessionid.go:71.66,80.16 2 1
assignments-my828/servers/gateway/sessions/sessionid.go:83.2,86.46 4 1
assignments-my828/servers/gateway/sessions/sessionid.go:89.2,89.39 1 1
assignments-my828/servers/gateway/sessions/sessionid.go:80.16,82.3 1 1
assignments-my828/servers/gateway/sessions/sessionid.go:86.46,88.3 1 1
assignments-my828/servers/gateway/sessions/sessionid.go:93.38,95.2 1 1
assignments-my828/servers/gateway/sessions/memstore.go:18.88,22.2 1 1
assignments-my828/servers/gateway/sessions/memstore.go:27.66,29.16 2 1
assignments-my828/servers/gateway/sessions/memstore.go:32.2,33.12 2 1
assignments-my828/servers/gateway/sessions/memstore.go:29.16,31.3 1 1
assignments-my828/servers/gateway/sessions/memstore.go:38.65,40.12 2 1
assignments-my828/servers/gateway/sessions/memstore.go:44.2,45.42 2 1
assignments-my828/servers/gateway/sessions/memstore.go:40.12,42.3 1 1
assignments-my828/servers/gateway/sessions/memstore.go:49.49,52.2 2 1
assignments-my828/servers/gateway/sessions/redisstore.go:20.85,26.2 1 1
assignments-my828/servers/gateway/sessions/redisstore.go:33.75,38.16 2 1
assignments-my828/servers/gateway/sessions/redisstore.go:41.2,42.12 2 1
assignments-my828/servers/gateway/sessions/redisstore.go:38.16,40.3 1 1
assignments-my828/servers/gateway/sessions/redisstore.go:47.74,53.26 2 1
assignments-my828/servers/gateway/sessions/redisstore.go:56.2,57.16 2 1
assignments-my828/servers/gateway/sessions/redisstore.go:60.2,60.69 1 1
assignments-my828/servers/gateway/sessions/redisstore.go:63.2,67.12 2 1
assignments-my828/servers/gateway/sessions/redisstore.go:53.26,55.3 1 1
assignments-my828/servers/gateway/sessions/redisstore.go:57.16,59.3 1 0
assignments-my828/servers/gateway/sessions/redisstore.go:60.69,62.3 1 0
assignments-my828/servers/gateway/sessions/redisstore.go:71.51,74.22 2 1
assignments-my828/servers/gateway/sessions/redisstore.go:77.2,77.12 1 1
assignments-my828/servers/gateway/sessions/redisstore.go:74.22,76.3 1 0
assignments-my828/servers/gateway/sessions/redisstore.go:81.43,86.2 1 1
