mode: set
assignments-my828/servers/gateway/models/users/user.go:55.37,64.16 2 1
assignments-my828/servers/gateway/models/users/user.go:67.2,67.26 1 1
assignments-my828/servers/gateway/models/users/user.go:70.2,70.36 1 1
assignments-my828/servers/gateway/models/users/user.go:73.2,73.65 1 1
assignments-my828/servers/gateway/models/users/user.go:76.2,76.12 1 1
assignments-my828/servers/gateway/models/users/user.go:64.16,66.3 1 1
assignments-my828/servers/gateway/models/users/user.go:67.26,69.3 1 1
assignments-my828/servers/gateway/models/users/user.go:70.36,72.3 1 1
assignments-my828/servers/gateway/models/users/user.go:73.65,75.3 1 1
assignments-my828/servers/gateway/models/users/user.go:81.44,96.38 1 1
assignments-my828/servers/gateway/models/users/user.go:100.2,101.55 2 1
assignments-my828/servers/gateway/models/users/user.go:104.2,114.55 3 1
assignments-my828/servers/gateway/models/users/user.go:117.2,117.18 1 1
assignments-my828/servers/gateway/models/users/user.go:96.38,98.3 1 1
assignments-my828/servers/gateway/models/users/user.go:101.55,103.3 1 0
assignments-my828/servers/gateway/models/users/user.go:114.55,116.3 1 0
assignments-my828/servers/gateway/models/users/user.go:125.34,127.43 1 1
assignments-my828/servers/gateway/models/users/user.go:134.2,134.39 1 1
assignments-my828/servers/gateway/models/users/user.go:127.43,129.3 1 1
assignments-my828/servers/gateway/models/users/user.go:129.8,129.30 1 1
assignments-my828/servers/gateway/models/users/user.go:129.30,131.3 1 1
assignments-my828/servers/gateway/models/users/user.go:131.8,131.29 1 1
assignments-my828/servers/gateway/models/users/user.go:131.29,133.3 1 1
assignments-my828/servers/gateway/models/users/user.go:138.51,142.16 2 1
assignments-my828/servers/gateway/models/users/user.go:145.2,146.12 2 1
assignments-my828/servers/gateway/models/users/user.go:142.16,144.3 1 0
assignments-my828/servers/gateway/models/users/user.go:151.52,160.2 2 1
assignments-my828/servers/gateway/models/users/user.go:164.53,167.20 1 1
assignments-my828/servers/gateway/models/users/user.go:170.2,172.12 3 1
assignments-my828/servers/gateway/models/users/user.go:167.20,169.3 1 1
assignments-my828/servers/gateway/models/users/user.go:175.53,177.16 2 1
assignments-my828/servers/gateway/models/users/user.go:180.2,181.12 2 1
assignments-my828/servers/gateway/models/users/user.go:177.16,179.3 1 1
assignments-my828/servers/gateway/models/users/mysqlstore.go:14.40,18.2 1 1
assignments-my828/servers/gateway/models/users/mysqlstore.go:21.56,23.16 2 1
assignments-my828/servers/gateway/models/users/mysqlstore.go:26.2,28.18 3 1
assignments-my828/servers/gateway/models/users/mysqlstore.go:34.2,34.35 1 1
assignments-my828/servers/gateway/models/users/mysqlstore.go:37.2,37.18 1 1
assignments-my828/servers/gateway/models/users/mysqlstore.go:23.16,25.3 1 1
assignments-my828/servers/gateway/models/users/mysqlstore.go:28.18,30.65 1 1
assignments-my828/servers/gateway/models/users/mysqlstore.go:30.65,32.4 1 0
assignments-my828/servers/gateway/models/users/mysqlstore.go:34.35,36.3 1 0
assignments-my828/servers/gateway/models/users/mysqlstore.go:41.63,43.16 2 1
assignments-my828/servers/gateway/models/users/mysqlstore.go:46.2,48.18 3 1
assignments-my828/servers/gateway/models/users/mysqlstore.go:54.2,54.35 1 1
assignments-my828/servers/gateway/models/users/mysqlstore.go:57.2,57.18 1 1
assignments-my828/servers/gateway/models/users/mysqlstore.go:43.16,45.3 1 1
assignments-my828/servers/gateway/models/users/mysqlstore.go:48.18,50.65 1 1
assignments-my828/servers/gateway/models/users/mysqlstore.go:50.65,52.4 1 0
assignments-my828/servers/gateway/models/users/mysqlstore.go:54.35,56.3 1 0
assignments-my828/servers/gateway/models/users/mysqlstore.go:61.69,63.16 2 1
assignments-my828/servers/gateway/models/users/mysqlstore.go:67.2,69.18 3 1
assignments-my828/servers/gateway/models/users/mysqlstore.go:75.2,75.35 1 1
assignments-my828/servers/gateway/models/users/mysqlstore.go:78.2,78.18 1 1
assignments-my828/servers/gateway/models/users/mysqlstore.go:63.16,65.3 1 1
assignments-my828/servers/gateway/models/users/mysqlstore.go:69.18,71.65 1 1
assignments-my828/servers/gateway/models/users/mysqlstore.go:71.65,73.4 1 0
assignments-my828/servers/gateway/models/users/mysqlstore.go:75.35,77.3 1 0
assignments-my828/servers/gateway/models/users/mysqlstore.go:83.57,102.16 4 1
assignments-my828/servers/gateway/models/users/mysqlstore.go:106.2,108.16 3 1
assignments-my828/servers/gateway/models/users/mysqlstore.go:111.2,111.15 1 1
assignments-my828/servers/gateway/models/users/mysqlstore.go:102.16,104.3 1 1
assignments-my828/servers/gateway/models/users/mysqlstore.go:108.16,110.3 1 0
assignments-my828/servers/gateway/models/users/mysqlstore.go:116.73,118.16 2 0
assignments-my828/servers/gateway/models/users/mysqlstore.go:121.2,122.16 2 0
assignments-my828/servers/gateway/models/users/mysqlstore.go:125.2,125.25 1 0
assignments-my828/servers/gateway/models/users/mysqlstore.go:118.16,120.3 1 0
assignments-my828/servers/gateway/models/users/mysqlstore.go:122.16,124.3 1 0
assignments-my828/servers/gateway/models/users/mysqlstore.go:129.46,131.16 2 0
assignments-my828/servers/gateway/models/users/mysqlstore.go:134.2,135.16 2 0
assignments-my828/servers/gateway/models/users/mysqlstore.go:138.2,138.12 1 0
assignments-my828/servers/gateway/models/users/mysqlstore.go:131.16,133.3 1 0
assignments-my828/servers/gateway/models/users/mysqlstore.go:135.16,137.3 1 0
