mode: set
assignments-my828/servers/gateway/models/users/mysqlstore.go:12.40,16.2 1 1
assignments-my828/servers/gateway/models/users/mysqlstore.go:18.79,20.16 2 1
assignments-my828/servers/gateway/models/users/mysqlstore.go:23.2,25.18 3 1
assignments-my828/servers/gateway/models/users/mysqlstore.go:31.2,31.35 1 0
assignments-my828/servers/gateway/models/users/mysqlstore.go:34.2,34.18 1 0
assignments-my828/servers/gateway/models/users/mysqlstore.go:20.16,22.3 1 1
assignments-my828/servers/gateway/models/users/mysqlstore.go:25.18,27.65 1 1
assignments-my828/servers/gateway/models/users/mysqlstore.go:27.65,29.4 1 1
assignments-my828/servers/gateway/models/users/mysqlstore.go:31.35,33.3 1 0
assignments-my828/servers/gateway/models/users/mysqlstore.go:38.56,40.16 2 1
assignments-my828/servers/gateway/models/users/mysqlstore.go:43.2,45.18 3 1
assignments-my828/servers/gateway/models/users/mysqlstore.go:51.2,51.35 1 0
assignments-my828/servers/gateway/models/users/mysqlstore.go:54.2,54.18 1 0
assignments-my828/servers/gateway/models/users/mysqlstore.go:40.16,42.3 1 1
assignments-my828/servers/gateway/models/users/mysqlstore.go:45.18,47.65 1 1
assignments-my828/servers/gateway/models/users/mysqlstore.go:47.65,49.4 1 1
assignments-my828/servers/gateway/models/users/mysqlstore.go:51.35,53.3 1 0
assignments-my828/servers/gateway/models/users/mysqlstore.go:58.63,60.2 1 1
assignments-my828/servers/gateway/models/users/mysqlstore.go:63.69,65.2 1 1
assignments-my828/servers/gateway/models/users/mysqlstore.go:69.57,74.16 3 1
assignments-my828/servers/gateway/models/users/mysqlstore.go:78.2,81.16 3 1
assignments-my828/servers/gateway/models/users/mysqlstore.go:84.2,84.18 1 1
assignments-my828/servers/gateway/models/users/mysqlstore.go:74.16,76.3 1 1
assignments-my828/servers/gateway/models/users/mysqlstore.go:81.16,83.3 1 0
assignments-my828/servers/gateway/models/users/mysqlstore.go:89.73,92.16 3 1
assignments-my828/servers/gateway/models/users/mysqlstore.go:96.2,96.25 1 1
assignments-my828/servers/gateway/models/users/mysqlstore.go:92.16,94.3 1 1
assignments-my828/servers/gateway/models/users/mysqlstore.go:100.46,103.16 3 1
assignments-my828/servers/gateway/models/users/mysqlstore.go:106.2,106.12 1 1
assignments-my828/servers/gateway/models/users/mysqlstore.go:103.16,105.3 1 1
assignments-my828/servers/gateway/models/users/mysqlstore.go:110.58,114.16 3 0
assignments-my828/servers/gateway/models/users/mysqlstore.go:117.2,117.12 1 0
assignments-my828/servers/gateway/models/users/mysqlstore.go:114.16,116.3 1 0
assignments-my828/servers/gateway/models/users/user.go:61.37,70.16 2 1
assignments-my828/servers/gateway/models/users/user.go:73.2,73.26 1 1
assignments-my828/servers/gateway/models/users/user.go:76.2,76.36 1 1
assignments-my828/servers/gateway/models/users/user.go:79.2,79.65 1 1
assignments-my828/servers/gateway/models/users/user.go:82.2,82.12 1 1
assignments-my828/servers/gateway/models/users/user.go:70.16,72.3 1 1
assignments-my828/servers/gateway/models/users/user.go:73.26,75.3 1 1
assignments-my828/servers/gateway/models/users/user.go:76.36,78.3 1 1
assignments-my828/servers/gateway/models/users/user.go:79.65,81.3 1 1
assignments-my828/servers/gateway/models/users/user.go:87.44,102.38 1 1
assignments-my828/servers/gateway/models/users/user.go:106.2,121.55 5 1
assignments-my828/servers/gateway/models/users/user.go:124.2,124.18 1 1
assignments-my828/servers/gateway/models/users/user.go:102.38,104.3 1 1
assignments-my828/servers/gateway/models/users/user.go:121.55,123.3 1 0
assignments-my828/servers/gateway/models/users/user.go:132.34,134.43 1 1
assignments-my828/servers/gateway/models/users/user.go:141.2,141.39 1 1
assignments-my828/servers/gateway/models/users/user.go:134.43,136.3 1 1
assignments-my828/servers/gateway/models/users/user.go:136.8,136.30 1 1
assignments-my828/servers/gateway/models/users/user.go:136.30,138.3 1 1
assignments-my828/servers/gateway/models/users/user.go:138.8,138.29 1 1
assignments-my828/servers/gateway/models/users/user.go:138.29,140.3 1 1
assignments-my828/servers/gateway/models/users/user.go:145.51,149.16 2 1
assignments-my828/servers/gateway/models/users/user.go:152.2,153.12 2 1
assignments-my828/servers/gateway/models/users/user.go:149.16,151.3 1 0
assignments-my828/servers/gateway/models/users/user.go:158.52,164.2 2 1
assignments-my828/servers/gateway/models/users/user.go:168.53,171.20 1 1
assignments-my828/servers/gateway/models/users/user.go:174.2,176.12 3 1
assignments-my828/servers/gateway/models/users/user.go:171.20,173.3 1 1
assignments-my828/servers/gateway/models/users/user.go:179.53,181.16 2 1
assignments-my828/servers/gateway/models/users/user.go:184.2,185.12 2 1
assignments-my828/servers/gateway/models/users/user.go:181.16,183.3 1 1
