mode: set
assignments-my828/servers/gateway/indexes/trie.go:32.22,39.2 1 1
assignments-my828/servers/gateway/indexes/trie.go:42.26,44.2 1 1
assignments-my828/servers/gateway/indexes/trie.go:47.45,53.23 5 1
assignments-my828/servers/gateway/indexes/trie.go:66.2,67.21 2 1
assignments-my828/servers/gateway/indexes/trie.go:53.23,55.40 2 1
assignments-my828/servers/gateway/indexes/trie.go:64.3,64.29 1 1
assignments-my828/servers/gateway/indexes/trie.go:55.40,63.4 4 1
assignments-my828/servers/gateway/indexes/trie.go:74.53,79.34 4 1
assignments-my828/servers/gateway/indexes/trie.go:83.2,83.23 1 1
assignments-my828/servers/gateway/indexes/trie.go:90.2,92.31 2 1
assignments-my828/servers/gateway/indexes/trie.go:79.34,81.3 1 1
assignments-my828/servers/gateway/indexes/trie.go:83.23,85.40 2 1
assignments-my828/servers/gateway/indexes/trie.go:88.3,88.29 1 1
assignments-my828/servers/gateway/indexes/trie.go:85.40,87.4 1 1
assignments-my828/servers/gateway/indexes/trie.go:95.55,99.27 3 1
assignments-my828/servers/gateway/indexes/trie.go:123.2,123.15 1 1
assignments-my828/servers/gateway/indexes/trie.go:99.27,103.35 3 1
assignments-my828/servers/gateway/indexes/trie.go:106.3,106.40 1 1
assignments-my828/servers/gateway/indexes/trie.go:109.3,111.31 2 1
assignments-my828/servers/gateway/indexes/trie.go:103.35,105.4 1 1
assignments-my828/servers/gateway/indexes/trie.go:106.40,108.4 1 0
assignments-my828/servers/gateway/indexes/trie.go:111.31,113.26 2 1
assignments-my828/servers/gateway/indexes/trie.go:113.26,115.5 1 1
assignments-my828/servers/gateway/indexes/trie.go:117.8,119.26 2 1
assignments-my828/servers/gateway/indexes/trie.go:119.26,121.4 1 1
assignments-my828/servers/gateway/indexes/trie.go:128.48,133.2 2 1
assignments-my828/servers/gateway/indexes/trie.go:135.96,136.23 1 1
assignments-my828/servers/gateway/indexes/trie.go:144.2,145.60 2 1
assignments-my828/servers/gateway/indexes/trie.go:149.2,149.13 1 1
assignments-my828/servers/gateway/indexes/trie.go:136.23,138.39 2 1
assignments-my828/servers/gateway/indexes/trie.go:138.39,140.4 1 1
assignments-my828/servers/gateway/indexes/trie.go:140.9,142.4 1 0
assignments-my828/servers/gateway/indexes/trie.go:145.60,148.3 2 0
assignments-my828/servers/gateway/indexes/trie.go:157.41,158.35 1 1
assignments-my828/servers/gateway/indexes/trie.go:162.2,162.14 1 1
assignments-my828/servers/gateway/indexes/trie.go:158.35,161.3 2 1
assignments-my828/servers/gateway/indexes/trie.go:167.44,168.34 1 1
assignments-my828/servers/gateway/indexes/trie.go:172.2,172.14 1 1
assignments-my828/servers/gateway/indexes/trie.go:168.34,171.3 2 1
assignments-my828/servers/gateway/indexes/trie.go:177.41,180.2 2 1
assignments-my828/servers/gateway/indexes/trie.go:186.33,189.19 3 1
assignments-my828/servers/gateway/indexes/trie.go:193.2,193.13 1 1
assignments-my828/servers/gateway/indexes/trie.go:189.19,192.3 2 1
