mode: set
assignments-my828/servers/gateway/handlers/summary.go:47.61,72.15 3 1
assignments-my828/servers/gateway/handlers/summary.go:76.2,77.16 2 1
assignments-my828/servers/gateway/handlers/summary.go:82.2,83.16 2 1
assignments-my828/servers/gateway/handlers/summary.go:88.2,91.17 4 1
assignments-my828/servers/gateway/handlers/summary.go:72.15,75.3 2 0
assignments-my828/servers/gateway/handlers/summary.go:77.16,80.3 2 0
assignments-my828/servers/gateway/handlers/summary.go:83.16,86.3 2 0
assignments-my828/servers/gateway/handlers/summary.go:97.55,113.16 2 1
assignments-my828/servers/gateway/handlers/summary.go:116.2,116.28 1 1
assignments-my828/servers/gateway/handlers/summary.go:119.2,120.44 2 1
assignments-my828/servers/gateway/handlers/summary.go:123.2,123.23 1 1
assignments-my828/servers/gateway/handlers/summary.go:113.16,115.3 1 0
assignments-my828/servers/gateway/handlers/summary.go:116.28,118.3 1 1
assignments-my828/servers/gateway/handlers/summary.go:120.44,122.3 1 1
assignments-my828/servers/gateway/handlers/summary.go:127.55,128.21 1 1
assignments-my828/servers/gateway/handlers/summary.go:139.2,139.17 1 1
assignments-my828/servers/gateway/handlers/summary.go:128.21,130.17 2 1
assignments-my828/servers/gateway/handlers/summary.go:133.3,134.17 2 1
assignments-my828/servers/gateway/handlers/summary.go:137.3,137.56 1 1
assignments-my828/servers/gateway/handlers/summary.go:130.17,132.4 1 0
assignments-my828/servers/gateway/handlers/summary.go:134.17,136.4 1 0
assignments-my828/servers/gateway/handlers/summary.go:144.85,163.6 4 1
assignments-my828/servers/gateway/handlers/summary.go:280.2,280.16 1 1
assignments-my828/servers/gateway/handlers/summary.go:163.6,167.35 4 1
assignments-my828/servers/gateway/handlers/summary.go:175.3,175.79 1 1
assignments-my828/servers/gateway/handlers/summary.go:167.35,169.39 2 1
assignments-my828/servers/gateway/handlers/summary.go:172.4,172.72 1 0
assignments-my828/servers/gateway/handlers/summary.go:169.39,170.10 1 1
assignments-my828/servers/gateway/handlers/summary.go:175.79,176.38 1 1
assignments-my828/servers/gateway/handlers/summary.go:176.38,177.37 1 1
assignments-my828/servers/gateway/handlers/summary.go:177.37,180.50 3 1
assignments-my828/servers/gateway/handlers/summary.go:180.50,181.39 1 1
assignments-my828/servers/gateway/handlers/summary.go:181.39,184.31 3 1
assignments-my828/servers/gateway/handlers/summary.go:184.31,185.23 1 1
assignments-my828/servers/gateway/handlers/summary.go:186.24,187.26 1 1
assignments-my828/servers/gateway/handlers/summary.go:188.23,189.25 1 1
assignments-my828/servers/gateway/handlers/summary.go:190.25,191.27 1 1
assignments-my828/servers/gateway/handlers/summary.go:192.29,193.30 1 1
assignments-my828/servers/gateway/handlers/summary.go:194.31,195.33 1 1
assignments-my828/servers/gateway/handlers/summary.go:196.28,197.34 1 1
assignments-my828/servers/gateway/handlers/summary.go:200.25,205.24 5 1
assignments-my828/servers/gateway/handlers/summary.go:208.10,208.41 1 1
assignments-my828/servers/gateway/handlers/summary.go:209.36,211.24 2 1
assignments-my828/servers/gateway/handlers/summary.go:214.10,214.47 1 1
assignments-my828/servers/gateway/handlers/summary.go:215.30,216.45 1 1
assignments-my828/servers/gateway/handlers/summary.go:217.32,219.24 2 1
assignments-my828/servers/gateway/handlers/summary.go:222.10,222.47 1 1
assignments-my828/servers/gateway/handlers/summary.go:223.31,225.24 2 1
assignments-my828/servers/gateway/handlers/summary.go:228.10,228.45 1 1
assignments-my828/servers/gateway/handlers/summary.go:229.29,230.44 1 1
assignments-my828/servers/gateway/handlers/summary.go:231.23,232.30 1 1
assignments-my828/servers/gateway/handlers/summary.go:233.25,235.43 2 1
assignments-my828/servers/gateway/handlers/summary.go:197.34,199.11 1 1
assignments-my828/servers/gateway/handlers/summary.go:205.24,207.11 1 0
assignments-my828/servers/gateway/handlers/summary.go:211.24,213.11 1 0
assignments-my828/servers/gateway/handlers/summary.go:219.24,221.11 1 0
assignments-my828/servers/gateway/handlers/summary.go:225.24,227.11 1 0
assignments-my828/servers/gateway/handlers/summary.go:235.43,237.11 1 1
assignments-my828/servers/gateway/handlers/summary.go:241.12,241.52 1 1
assignments-my828/servers/gateway/handlers/summary.go:241.52,243.39 2 1
assignments-my828/servers/gateway/handlers/summary.go:267.7,267.21 1 1
assignments-my828/servers/gateway/handlers/summary.go:243.39,245.24 2 1
assignments-my828/servers/gateway/handlers/summary.go:246.20,248.23 2 1
assignments-my828/servers/gateway/handlers/summary.go:251.9,251.23 1 1
assignments-my828/servers/gateway/handlers/summary.go:252.21,253.25 1 1
assignments-my828/servers/gateway/handlers/summary.go:263.20,264.24 1 1
assignments-my828/servers/gateway/handlers/summary.go:248.23,250.10 1 0
assignments-my828/servers/gateway/handlers/summary.go:253.25,257.24 4 1
assignments-my828/servers/gateway/handlers/summary.go:260.10,261.28 2 1
assignments-my828/servers/gateway/handlers/summary.go:257.24,259.11 1 0
assignments-my828/servers/gateway/handlers/summary.go:270.10,270.29 1 1
assignments-my828/servers/gateway/handlers/summary.go:270.29,271.23 1 1
assignments-my828/servers/gateway/handlers/summary.go:271.23,273.37 2 1
assignments-my828/servers/gateway/handlers/summary.go:273.37,275.7 1 1
assignments-my828/servers/gateway/handlers/auth.go:33.72,34.33 1 1
assignments-my828/servers/gateway/handlers/auth.go:34.33,35.75 1 1
assignments-my828/servers/gateway/handlers/auth.go:40.3,41.65 2 1
assignments-my828/servers/gateway/handlers/auth.go:47.3,48.17 2 1
assignments-my828/servers/gateway/handlers/auth.go:54.3,55.17 2 1
assignments-my828/servers/gateway/handlers/auth.go:60.3,68.17 4 1
assignments-my828/servers/gateway/handlers/auth.go:72.3,74.57 3 1
assignments-my828/servers/gateway/handlers/auth.go:35.75,38.4 2 1
assignments-my828/servers/gateway/handlers/auth.go:41.65,45.4 2 1
assignments-my828/servers/gateway/handlers/auth.go:48.17,51.4 2 1
assignments-my828/servers/gateway/handlers/auth.go:55.17,58.4 2 0
assignments-my828/servers/gateway/handlers/auth.go:68.17,71.4 2 0
assignments-my828/servers/gateway/handlers/auth.go:74.57,76.4 1 0
assignments-my828/servers/gateway/handlers/auth.go:77.8,80.3 2 1
assignments-my828/servers/gateway/handlers/auth.go:83.79,86.78 2 1
assignments-my828/servers/gateway/handlers/auth.go:90.2,92.18 2 1
assignments-my828/servers/gateway/handlers/auth.go:86.78,89.3 2 0
assignments-my828/servers/gateway/handlers/auth.go:93.22,95.17 2 1
assignments-my828/servers/gateway/handlers/auth.go:100.3,101.17 2 1
assignments-my828/servers/gateway/handlers/auth.go:106.3,108.57 3 1
assignments-my828/servers/gateway/handlers/auth.go:113.24,114.23 1 1
assignments-my828/servers/gateway/handlers/auth.go:127.3,127.75 1 1
assignments-my828/servers/gateway/handlers/auth.go:132.3,133.64 2 1
assignments-my828/servers/gateway/handlers/auth.go:139.3,140.17 2 1
assignments-my828/servers/gateway/handlers/auth.go:145.3,147.57 3 1
assignments-my828/servers/gateway/handlers/auth.go:152.10,154.9 2 1
assignments-my828/servers/gateway/handlers/auth.go:95.17,99.4 2 1
assignments-my828/servers/gateway/handlers/auth.go:101.17,104.4 2 1
assignments-my828/servers/gateway/handlers/auth.go:108.57,112.4 2 0
assignments-my828/servers/gateway/handlers/auth.go:114.23,116.18 2 1
assignments-my828/servers/gateway/handlers/auth.go:121.4,121.39 1 1
assignments-my828/servers/gateway/handlers/auth.go:116.18,120.5 2 1
assignments-my828/servers/gateway/handlers/auth.go:121.39,124.5 2 1
assignments-my828/servers/gateway/handlers/auth.go:127.75,130.4 2 1
assignments-my828/servers/gateway/handlers/auth.go:133.64,137.4 2 1
assignments-my828/servers/gateway/handlers/auth.go:140.17,143.4 2 0
assignments-my828/servers/gateway/handlers/auth.go:147.57,151.4 2 0
assignments-my828/servers/gateway/handlers/auth.go:158.75,159.33 1 1
assignments-my828/servers/gateway/handlers/auth.go:159.33,160.75 1 1
assignments-my828/servers/gateway/handlers/auth.go:164.3,165.69 2 1
assignments-my828/servers/gateway/handlers/auth.go:170.3,171.17 2 1
assignments-my828/servers/gateway/handlers/auth.go:179.3,179.64 1 1
assignments-my828/servers/gateway/handlers/auth.go:185.3,191.37 3 1
assignments-my828/servers/gateway/handlers/auth.go:195.3,203.57 6 1
assignments-my828/servers/gateway/handlers/auth.go:160.75,163.4 2 1
assignments-my828/servers/gateway/handlers/auth.go:165.69,169.4 2 0
assignments-my828/servers/gateway/handlers/auth.go:171.17,177.4 3 0
assignments-my828/servers/gateway/handlers/auth.go:179.64,183.4 2 0
assignments-my828/servers/gateway/handlers/auth.go:191.37,193.4 1 0
assignments-my828/servers/gateway/handlers/auth.go:203.57,205.4 1 0
assignments-my828/servers/gateway/handlers/auth.go:206.8,209.3 2 1
assignments-my828/servers/gateway/handlers/auth.go:212.82,213.35 1 1
assignments-my828/servers/gateway/handlers/auth.go:213.35,215.21 2 1
assignments-my828/servers/gateway/handlers/auth.go:218.3,220.32 3 1
assignments-my828/servers/gateway/handlers/auth.go:215.21,217.4 1 0
assignments-my828/servers/gateway/handlers/auth.go:221.8,224.3 2 1
assignments-my828/servers/gateway/handlers/cors.go:25.55,27.2 1 1
assignments-my828/servers/gateway/handlers/cors.go:29.66,36.2 6 1
assignments-my828/servers/gateway/handlers/myMockStore.go:13.50,18.2 1 1
assignments-my828/servers/gateway/handlers/myMockStore.go:20.63,22.13 1 1
assignments-my828/servers/gateway/handlers/myMockStore.go:26.2,26.21 1 1
assignments-my828/servers/gateway/handlers/myMockStore.go:22.13,24.3 1 1
assignments-my828/servers/gateway/handlers/myMockStore.go:29.70,31.36 1 1
assignments-my828/servers/gateway/handlers/myMockStore.go:34.2,34.21 1 1
assignments-my828/servers/gateway/handlers/myMockStore.go:31.36,33.3 1 0
assignments-my828/servers/gateway/handlers/myMockStore.go:36.76,38.27 1 0
assignments-my828/servers/gateway/handlers/myMockStore.go:42.2,42.22 1 0
assignments-my828/servers/gateway/handlers/myMockStore.go:38.27,40.3 1 0
assignments-my828/servers/gateway/handlers/myMockStore.go:45.70,46.31 1 1
assignments-my828/servers/gateway/handlers/myMockStore.go:52.2,52.21 1 1
assignments-my828/servers/gateway/handlers/myMockStore.go:46.31,48.3 1 0
assignments-my828/servers/gateway/handlers/myMockStore.go:55.86,56.13 1 1
assignments-my828/servers/gateway/handlers/myMockStore.go:59.2,61.21 3 1
assignments-my828/servers/gateway/handlers/myMockStore.go:56.13,58.3 1 0
assignments-my828/servers/gateway/handlers/myMockStore.go:64.47,65.13 1 0
assignments-my828/servers/gateway/handlers/myMockStore.go:68.2,68.12 1 0
assignments-my828/servers/gateway/handlers/myMockStore.go:65.13,67.3 1 0
assignments-my828/servers/gateway/handlers/myMockStore.go:71.67,73.2 1 1
