mode: set
assignments-my828/servers/gateway/handlers/summary.go:47.61,72.15 3 1
assignments-my828/servers/gateway/handlers/summary.go:76.2,77.16 2 1
assignments-my828/servers/gateway/handlers/summary.go:82.2,83.16 2 1
assignments-my828/servers/gateway/handlers/summary.go:88.2,91.17 4 1
assignments-my828/servers/gateway/handlers/summary.go:72.15,75.3 2 0
assignments-my828/servers/gateway/handlers/summary.go:77.16,80.3 2 0
assignments-my828/servers/gateway/handlers/summary.go:83.16,86.3 2 0
assignments-my828/servers/gateway/handlers/summary.go:97.55,113.16 2 1
assignments-my828/servers/gateway/handlers/summary.go:116.2,116.28 1 1
assignments-my828/servers/gateway/handlers/summary.go:119.2,120.44 2 1
assignments-my828/servers/gateway/handlers/summary.go:123.2,123.23 1 1
assignments-my828/servers/gateway/handlers/summary.go:113.16,115.3 1 0
assignments-my828/servers/gateway/handlers/summary.go:116.28,118.3 1 1
assignments-my828/servers/gateway/handlers/summary.go:120.44,122.3 1 1
assignments-my828/servers/gateway/handlers/summary.go:127.55,128.21 1 1
assignments-my828/servers/gateway/handlers/summary.go:139.2,139.17 1 1
assignments-my828/servers/gateway/handlers/summary.go:128.21,130.17 2 1
assignments-my828/servers/gateway/handlers/summary.go:133.3,134.17 2 1
assignments-my828/servers/gateway/handlers/summary.go:137.3,137.56 1 1
assignments-my828/servers/gateway/handlers/summary.go:130.17,132.4 1 0
assignments-my828/servers/gateway/handlers/summary.go:134.17,136.4 1 0
assignments-my828/servers/gateway/handlers/summary.go:144.85,163.6 4 1
assignments-my828/servers/gateway/handlers/summary.go:280.2,280.16 1 1
assignments-my828/servers/gateway/handlers/summary.go:163.6,167.35 4 1
assignments-my828/servers/gateway/handlers/summary.go:175.3,175.79 1 1
assignments-my828/servers/gateway/handlers/summary.go:167.35,169.39 2 1
assignments-my828/servers/gateway/handlers/summary.go:172.4,172.72 1 0
assignments-my828/servers/gateway/handlers/summary.go:169.39,170.10 1 1
assignments-my828/servers/gateway/handlers/summary.go:175.79,176.38 1 1
assignments-my828/servers/gateway/handlers/summary.go:176.38,177.37 1 1
assignments-my828/servers/gateway/handlers/summary.go:177.37,180.50 3 1
assignments-my828/servers/gateway/handlers/summary.go:180.50,181.39 1 1
assignments-my828/servers/gateway/handlers/summary.go:181.39,184.31 3 1
assignments-my828/servers/gateway/handlers/summary.go:184.31,185.23 1 1
assignments-my828/servers/gateway/handlers/summary.go:186.24,187.26 1 1
assignments-my828/servers/gateway/handlers/summary.go:188.23,189.25 1 1
assignments-my828/servers/gateway/handlers/summary.go:190.25,191.27 1 1
assignments-my828/servers/gateway/handlers/summary.go:192.29,193.30 1 1
assignments-my828/servers/gateway/handlers/summary.go:194.31,195.33 1 1
assignments-my828/servers/gateway/handlers/summary.go:196.28,197.34 1 1
assignments-my828/servers/gateway/handlers/summary.go:200.25,205.24 5 1
assignments-my828/servers/gateway/handlers/summary.go:208.10,208.41 1 1
assignments-my828/servers/gateway/handlers/summary.go:209.36,211.24 2 1
assignments-my828/servers/gateway/handlers/summary.go:214.10,214.47 1 1
assignments-my828/servers/gateway/handlers/summary.go:215.30,216.45 1 1
assignments-my828/servers/gateway/handlers/summary.go:217.32,219.24 2 1
assignments-my828/servers/gateway/handlers/summary.go:222.10,222.47 1 1
assignments-my828/servers/gateway/handlers/summary.go:223.31,225.24 2 1
assignments-my828/servers/gateway/handlers/summary.go:228.10,228.45 1 1
assignments-my828/servers/gateway/handlers/summary.go:229.29,230.44 1 1
assignments-my828/servers/gateway/handlers/summary.go:231.23,232.30 1 1
assignments-my828/servers/gateway/handlers/summary.go:233.25,235.43 2 1
assignments-my828/servers/gateway/handlers/summary.go:197.34,199.11 1 1
assignments-my828/servers/gateway/handlers/summary.go:205.24,207.11 1 0
assignments-my828/servers/gateway/handlers/summary.go:211.24,213.11 1 0
assignments-my828/servers/gateway/handlers/summary.go:219.24,221.11 1 0
assignments-my828/servers/gateway/handlers/summary.go:225.24,227.11 1 0
assignments-my828/servers/gateway/handlers/summary.go:235.43,237.11 1 1
assignments-my828/servers/gateway/handlers/summary.go:241.12,241.52 1 1
assignments-my828/servers/gateway/handlers/summary.go:241.52,243.39 2 1
assignments-my828/servers/gateway/handlers/summary.go:267.7,267.21 1 1
assignments-my828/servers/gateway/handlers/summary.go:243.39,245.24 2 1
assignments-my828/servers/gateway/handlers/summary.go:246.20,248.23 2 1
assignments-my828/servers/gateway/handlers/summary.go:251.9,251.23 1 1
assignments-my828/servers/gateway/handlers/summary.go:252.21,253.25 1 1
assignments-my828/servers/gateway/handlers/summary.go:263.20,264.24 1 1
assignments-my828/servers/gateway/handlers/summary.go:248.23,250.10 1 0
assignments-my828/servers/gateway/handlers/summary.go:253.25,257.24 4 1
assignments-my828/servers/gateway/handlers/summary.go:260.10,261.28 2 1
assignments-my828/servers/gateway/handlers/summary.go:257.24,259.11 1 0
assignments-my828/servers/gateway/handlers/summary.go:270.10,270.29 1 1
assignments-my828/servers/gateway/handlers/summary.go:270.29,271.23 1 1
assignments-my828/servers/gateway/handlers/summary.go:271.23,273.37 2 1
assignments-my828/servers/gateway/handlers/summary.go:273.37,275.7 1 1
assignments-my828/servers/gateway/handlers/auth.go:33.117,40.2 1 0
assignments-my828/servers/gateway/handlers/auth.go:42.72,43.33 1 1
assignments-my828/servers/gateway/handlers/auth.go:43.33,44.75 1 1
assignments-my828/servers/gateway/handlers/auth.go:49.3,50.65 2 1
assignments-my828/servers/gateway/handlers/auth.go:56.3,57.17 2 1
assignments-my828/servers/gateway/handlers/auth.go:63.3,65.17 3 1
assignments-my828/servers/gateway/handlers/auth.go:69.3,81.17 7 1
assignments-my828/servers/gateway/handlers/auth.go:85.3,87.57 3 0
assignments-my828/servers/gateway/handlers/auth.go:44.75,47.4 2 1
assignments-my828/servers/gateway/handlers/auth.go:50.65,54.4 2 1
assignments-my828/servers/gateway/handlers/auth.go:57.17,60.4 2 1
assignments-my828/servers/gateway/handlers/auth.go:65.17,68.4 2 0
assignments-my828/servers/gateway/handlers/auth.go:81.17,84.4 2 1
assignments-my828/servers/gateway/handlers/auth.go:87.57,89.4 1 0
assignments-my828/servers/gateway/handlers/auth.go:90.8,90.39 1 1
assignments-my828/servers/gateway/handlers/auth.go:90.39,92.17 2 1
assignments-my828/servers/gateway/handlers/auth.go:95.3,95.44 1 1
assignments-my828/servers/gateway/handlers/auth.go:98.3,99.22 2 1
assignments-my828/servers/gateway/handlers/auth.go:102.3,104.29 3 1
assignments-my828/servers/gateway/handlers/auth.go:111.3,111.41 1 1
assignments-my828/servers/gateway/handlers/auth.go:114.3,116.58 3 1
assignments-my828/servers/gateway/handlers/auth.go:92.17,94.4 1 1
assignments-my828/servers/gateway/handlers/auth.go:95.44,97.4 1 1
assignments-my828/servers/gateway/handlers/auth.go:99.22,101.4 1 1
assignments-my828/servers/gateway/handlers/auth.go:104.29,106.18 2 0
assignments-my828/servers/gateway/handlers/auth.go:109.4,109.31 1 0
assignments-my828/servers/gateway/handlers/auth.go:106.18,108.5 1 0
assignments-my828/servers/gateway/handlers/auth.go:111.41,113.4 1 0
assignments-my828/servers/gateway/handlers/auth.go:116.58,119.4 2 0
assignments-my828/servers/gateway/handlers/auth.go:120.8,123.3 2 0
assignments-my828/servers/gateway/handlers/auth.go:126.79,129.78 2 1
assignments-my828/servers/gateway/handlers/auth.go:133.2,135.18 2 1
assignments-my828/servers/gateway/handlers/auth.go:129.78,132.3 2 0
assignments-my828/servers/gateway/handlers/auth.go:136.22,138.17 2 1
assignments-my828/servers/gateway/handlers/auth.go:143.3,144.17 2 1
assignments-my828/servers/gateway/handlers/auth.go:149.3,151.57 3 1
assignments-my828/servers/gateway/handlers/auth.go:156.24,157.23 1 1
assignments-my828/servers/gateway/handlers/auth.go:170.3,170.75 1 1
assignments-my828/servers/gateway/handlers/auth.go:175.3,176.64 2 1
assignments-my828/servers/gateway/handlers/auth.go:181.3,187.17 6 1
assignments-my828/servers/gateway/handlers/auth.go:191.3,193.57 3 1
assignments-my828/servers/gateway/handlers/auth.go:198.10,200.9 2 1
assignments-my828/servers/gateway/handlers/auth.go:138.17,142.4 2 1
assignments-my828/servers/gateway/handlers/auth.go:144.17,147.4 2 0
assignments-my828/servers/gateway/handlers/auth.go:151.57,155.4 2 0
assignments-my828/servers/gateway/handlers/auth.go:157.23,159.18 2 1
assignments-my828/servers/gateway/handlers/auth.go:164.4,164.39 1 1
assignments-my828/servers/gateway/handlers/auth.go:159.18,163.5 2 1
assignments-my828/servers/gateway/handlers/auth.go:164.39,167.5 2 1
assignments-my828/servers/gateway/handlers/auth.go:170.75,173.4 2 1
assignments-my828/servers/gateway/handlers/auth.go:176.64,180.4 2 1
assignments-my828/servers/gateway/handlers/auth.go:187.17,190.4 2 0
assignments-my828/servers/gateway/handlers/auth.go:193.57,197.4 2 0
assignments-my828/servers/gateway/handlers/auth.go:204.75,205.33 1 1
assignments-my828/servers/gateway/handlers/auth.go:205.33,206.75 1 1
assignments-my828/servers/gateway/handlers/auth.go:210.3,211.69 2 1
assignments-my828/servers/gateway/handlers/auth.go:216.3,217.17 2 1
assignments-my828/servers/gateway/handlers/auth.go:225.3,225.64 1 1
assignments-my828/servers/gateway/handlers/auth.go:231.3,237.37 3 0
assignments-my828/servers/gateway/handlers/auth.go:241.3,246.59 2 0
assignments-my828/servers/gateway/handlers/auth.go:250.3,253.57 4 0
assignments-my828/servers/gateway/handlers/auth.go:206.75,209.4 2 1
assignments-my828/servers/gateway/handlers/auth.go:211.69,215.4 2 1
assignments-my828/servers/gateway/handlers/auth.go:217.17,223.4 3 0
assignments-my828/servers/gateway/handlers/auth.go:225.64,229.4 2 1
assignments-my828/servers/gateway/handlers/auth.go:237.37,239.4 1 0
assignments-my828/servers/gateway/handlers/auth.go:246.59,249.4 2 0
assignments-my828/servers/gateway/handlers/auth.go:253.57,256.4 2 0
assignments-my828/servers/gateway/handlers/auth.go:257.8,260.3 2 1
assignments-my828/servers/gateway/handlers/auth.go:263.82,264.35 1 1
assignments-my828/servers/gateway/handlers/auth.go:264.35,266.21 2 1
assignments-my828/servers/gateway/handlers/auth.go:270.3,272.32 3 1
assignments-my828/servers/gateway/handlers/auth.go:266.21,269.4 2 1
assignments-my828/servers/gateway/handlers/auth.go:273.8,276.3 2 1
assignments-my828/servers/gateway/handlers/cors.go:25.55,27.2 1 1
assignments-my828/servers/gateway/handlers/cors.go:29.66,30.27 1 1
assignments-my828/servers/gateway/handlers/cors.go:37.2,37.29 1 1
assignments-my828/servers/gateway/handlers/cors.go:30.27,36.4 5 0
